<?xml version="1.0" encoding="UTF-8"?><testsuite errors="0" failures="3" name="com.studentapp.junit.studentsinfo.TagsTest" skipped="0" tests="3" time="0.93" timestamp="2017-07-211 12:43:19"><testcase classname="com.studentapp.junit.studentsinfo.TagsTest" name="This test will provide an error code of 400 when user tries to access an invalid resource"><failure message="1 expectation failed.&#10;Expected status code &lt;400&gt; but was &lt;403&gt;.&#10;" type="java.lang.AssertionError">1 expectation failed.
Expected status code &lt;400&gt; but was &lt;403&gt;.
</failure><system-err>1 expectation failed.
Expected status code &lt;400&gt; but was &lt;403&gt;.

io.restassured.internal.ResponseSpecificationImpl.validateResponseIfRequired(ResponseSpecificationImpl.groovy:636)
io.restassured.internal.ResponseSpecificationImpl.statusCode(ResponseSpecificationImpl.groovy:122)
io.restassured.internal.ResponseSpecificationImpl.statusCode(ResponseSpecificationImpl.groovy:130)
io.restassured.internal.ValidatableResponseOptionsImpl.statusCode(ValidatableResponseOptionsImpl.java:117)
com.studentapp.junit.studentsinfo.TagsTest.incorrectResource(TagsTest.java:61)
</system-err></testcase><testcase classname="com.studentapp.junit.studentsinfo.TagsTest" name="Provide a 405 status code when incorrect HTTP method is used to access a resource"><failure message="1 expectation failed.&#10;Expected status code &lt;405&gt; but was &lt;403&gt;.&#10;" type="java.lang.AssertionError">1 expectation failed.
Expected status code &lt;405&gt; but was &lt;403&gt;.
</failure><system-err>1 expectation failed.
Expected status code &lt;405&gt; but was &lt;403&gt;.

io.restassured.internal.ResponseSpecificationImpl.validateResponseIfRequired(ResponseSpecificationImpl.groovy:636)
io.restassured.internal.ResponseSpecificationImpl.statusCode(ResponseSpecificationImpl.groovy:122)
io.restassured.internal.ResponseSpecificationImpl.statusCode(ResponseSpecificationImpl.groovy:130)
io.restassured.internal.ValidatableResponseOptionsImpl.statusCode(ValidatableResponseOptionsImpl.java:117)
com.studentapp.junit.studentsinfo.TagsTest.inValidMethod(TagsTest.java:26)
</system-err></testcase><testcase classname="com.studentapp.junit.studentsinfo.TagsTest" name="This test will verify if a status code of 200 is returned for GET request"><failure message="1 expectation failed.&#10;Expected status code &lt;200&gt; but was &lt;403&gt;.&#10;" type="java.lang.AssertionError">1 expectation failed.
Expected status code &lt;200&gt; but was &lt;403&gt;.
</failure><system-err>1 expectation failed.
Expected status code &lt;200&gt; but was &lt;403&gt;.

io.restassured.internal.ResponseSpecificationImpl.validateResponseIfRequired(ResponseSpecificationImpl.groovy:636)
io.restassured.internal.ResponseSpecificationImpl.statusCode(ResponseSpecificationImpl.groovy:122)
io.restassured.internal.ResponseSpecificationImpl.statusCode(ResponseSpecificationImpl.groovy:130)
io.restassured.internal.ValidatableResponseOptionsImpl.statusCode(ValidatableResponseOptionsImpl.java:117)
com.studentapp.junit.studentsinfo.TagsTest.verifyIftheStatusCodeIs200(TagsTest.java:44)
</system-err></testcase></testsuite>